<?xml version="1.0" encoding="UTF-8"?>
<testsuite name="com.jcommerce.cdcpoc.CDCServer.CdcServerApplicationTests" time="0.003" tests="1" errors="1" skipped="0" failures="0">
  <properties>
[...]
</properties>
  <testcase name="initializationError" classname="com.jcommerce.cdcpoc.CDCServer.CdcServerApplicationTests" time="0.003">
    <error message="Unable to find a @SpringBootConfiguration, you need to use @ContextConfiguration or @SpringBootTest(classes=...) with your test" type="java.lang.IllegalStateException"><![CDATA[java.lang.IllegalStateException: Unable to find a @SpringBootConfiguration, you need to use @ContextConfiguration or @SpringBootTest(classes=...) with your test
	at org.springframework.util.Assert.state(Assert.java:70)
	at org.springframework.boot.test.context.SpringBootTestContextBootstrapper.getOrFindConfigurationClasses(SpringBootTestContextBootstrapper.java:202)
	at org.springframework.boot.test.context.SpringBootTestContextBootstrapper.processMergedContextConfiguration(SpringBootTestContextBootstrapper.java:137)
	at org.springframework.test.context.support.AbstractTestContextBootstrapper.buildMergedContextConfiguration(AbstractTestContextBootstrapper.java:409)
	at org.springframework.test.context.support.AbstractTestContextBootstrapper.buildDefaultMergedContextConfiguration(AbstractTestContextBootstrapper.java:323)
	at org.springframework.test.context.support.AbstractTestContextBootstrapper.buildMergedContextConfiguration(AbstractTestContextBootstrapper.java:277)
	at org.springframework.test.context.support.AbstractTestContextBootstrapper.buildTestContext(AbstractTestContextBootstrapper.java:112)
	at org.springframework.boot.test.context.SpringBootTestContextBootstrapper.buildTestContext(SpringBootTestContextBootstrapper.java:82)
	at org.springframework.test.context.TestContextManager.<init>(TestContextManager.java:120)
	at org.springframework.test.context.TestContextManager.<init>(TestContextManager.java:105)
	at org.springframework.test.context.junit4.SpringJUnit4ClassRunner.createTestContextManager(SpringJUnit4ClassRunner.java:152)
	at org.springframework.test.context.junit4.SpringJUnit4ClassRunner.<init>(SpringJUnit4ClassRunner.java:143)
	at org.springframework.test.context.junit4.SpringRunner.<init>(SpringRunner.java:49)
	at sun.reflect.NativeConstructorAccessorImpl.newInstance0(Native Method)
	at sun.reflect.NativeConstructorAccessorImpl.newInstance(NativeConstructorAccessorImpl.java:62)
	at sun.reflect.DelegatingConstructorAccessorImpl.newInstance(DelegatingConstructorAccessorImpl.java:45)
	at java.lang.reflect.Constructor.newInstance(Constructor.java:423)
	at org.junit.internal.builders.AnnotatedBuilder.buildRunner(AnnotatedBuilder.java:104)
	at org.junit.internal.builders.AnnotatedBuilder.runnerForClass(AnnotatedBuilder.java:86)
	at org.junit.runners.model.RunnerBuilder.safeRunnerForClass(RunnerBuilder.java:59)
	at org.junit.internal.builders.AllDefaultPossibilitiesBuilder.runnerForClass(AllDefaultPossibilitiesBuilder.java:26)
	at org.junit.runners.model.RunnerBuilder.safeRunnerForClass(RunnerBuilder.java:59)
	at org.junit.internal.requests.ClassRequest.getRunner(ClassRequest.java:33)
	at org.apache.maven.surefire.junit4.JUnit4Provider.execute(JUnit4Provider.java:283)
	at org.apache.maven.surefire.junit4.JUnit4Provider.executeWithRerun(JUnit4Provider.java:173)
	at org.apache.maven.surefire.junit4.JUnit4Provider.executeTestSet(JUnit4Provider.java:153)
	at org.apache.maven.surefire.junit4.JUnit4Provider.invoke(JUnit4Provider.java:128)
	at org.apache.maven.surefire.booter.ForkedBooter.invokeProviderInSameClassLoader(ForkedBooter.java:203)
	at org.apache.maven.surefire.booter.ForkedBooter.runSuitesInProcess(ForkedBooter.java:155)
	at org.apache.maven.surefire.booter.ForkedBooter.main(ForkedBooter.java:103)
]]></error>
    <system-out><![CDATA[10:20:08.224 [main] DEBUG org.springframework.test.context.junit4.SpringJUnit4ClassRunner - SpringJUnit4ClassRunner constructor called with [class com.jcommerce.cdcpoc.CDCServer.CdcServerApplicationTests]
10:20:08.234 [main] DEBUG org.springframework.test.context.BootstrapUtils - Instantiating CacheAwareContextLoaderDelegate from class [org.springframework.test.context.cache.DefaultCacheAwareContextLoaderDelegate]
10:20:08.253 [main] DEBUG org.springframework.test.context.BootstrapUtils - Instantiating BootstrapContext using constructor [public org.springframework.test.context.support.DefaultBootstrapContext(java.lang.Class,org.springframework.test.context.CacheAwareContextLoaderDelegate)]
10:20:08.287 [main] DEBUG org.springframework.test.context.BootstrapUtils - Instantiating TestContextBootstrapper for test class [com.jcommerce.cdcpoc.CDCServer.CdcServerApplicationTests] from class [org.springframework.boot.test.context.SpringBootTestContextBootstrapper]
10:20:08.319 [main] INFO org.springframework.boot.test.context.SpringBootTestContextBootstrapper - Neither @ContextConfiguration nor @ContextHierarchy found for test class [com.jcommerce.cdcpoc.CDCServer.CdcServerApplicationTests], using SpringBootContextLoader
10:20:08.336 [main] DEBUG org.springframework.test.context.support.AbstractContextLoader - Did not detect default resource location for test class [com.jcommerce.cdcpoc.CDCServer.CdcServerApplicationTests]: class path resource [com/jcommerce/cdcpoc/CDCServer/CdcServerApplicationTests-context.xml] does not exist
10:20:08.339 [main] DEBUG org.springframework.test.context.support.AbstractContextLoader - Did not detect default resource location for test class [com.jcommerce.cdcpoc.CDCServer.CdcServerApplicationTests]: class path resource [com/jcommerce/cdcpoc/CDCServer/CdcServerApplicationTestsContext.groovy] does not exist
10:20:08.340 [main] INFO org.springframework.test.context.support.AbstractContextLoader - Could not detect default resource locations for test class [com.jcommerce.cdcpoc.CDCServer.CdcServerApplicationTests]: no resource found for suffixes {-context.xml, Context.groovy}.
10:20:08.344 [main] INFO org.springframework.test.context.support.AnnotationConfigContextLoaderUtils - Could not detect default configuration classes for test class [com.jcommerce.cdcpoc.CDCServer.CdcServerApplicationTests]: CdcServerApplicationTests does not declare any static, non-private, non-final, nested classes annotated with @Configuration.
10:20:08.435 [main] DEBUG org.springframework.test.context.support.ActiveProfilesUtils - Could not find an 'annotation declaring class' for annotation type [org.springframework.test.context.ActiveProfiles] and class [com.jcommerce.cdcpoc.CDCServer.CdcServerApplicationTests]
10:20:08.453 [main] DEBUG org.springframework.core.env.StandardEnvironment - Adding [systemProperties] PropertySource with lowest search precedence
10:20:08.454 [main] DEBUG org.springframework.core.env.StandardEnvironment - Adding [systemEnvironment] PropertySource with lowest search precedence
10:20:08.454 [main] DEBUG org.springframework.core.env.StandardEnvironment - Initialized StandardEnvironment with PropertySources [systemProperties,systemEnvironment]
10:20:08.474 [main] DEBUG org.springframework.core.io.support.PathMatchingResourcePatternResolver - Resolved classpath location [com/jcommerce/cdcpoc/CDCServer/] to resources [URL [file:/C:/_dev/workspace_cdc_poc/CDCService1/target/test-classes/com/jcommerce/cdcpoc/CDCServer/]]
10:20:08.475 [main] DEBUG org.springframework.core.io.support.PathMatchingResourcePatternResolver - Looking for matching resources in directory tree [C:\_dev\workspace_cdc_poc\CDCService1\target\test-classes\com\jcommerce\cdcpoc\CDCServer]
10:20:08.477 [main] DEBUG org.springframework.core.io.support.PathMatchingResourcePatternResolver - Searching directory [C:\_dev\workspace_cdc_poc\CDCService1\target\test-classes\com\jcommerce\cdcpoc\CDCServer] for files matching pattern [C:/_dev/workspace_cdc_poc/CDCService1/target/test-classes/com/jcommerce/cdcpoc/CDCServer/*.class]
10:20:08.491 [main] DEBUG org.springframework.core.io.support.PathMatchingResourcePatternResolver - Resolved location pattern [classpath*:com/jcommerce/cdcpoc/CDCServer/*.class] to resources [file [C:\_dev\workspace_cdc_poc\CDCService1\target\test-classes\com\jcommerce\cdcpoc\CDCServer\CdcServerApplicationTests.class], file [C:\_dev\workspace_cdc_poc\CDCService1\target\test-classes\com\jcommerce\cdcpoc\CDCServer\ContractVerifierBase.class]]
10:20:08.520 [main] DEBUG org.springframework.core.io.support.PathMatchingResourcePatternResolver - Resolved classpath location [com/jcommerce/cdcpoc/] to resources [URL [file:/C:/_dev/workspace_cdc_poc/CDCService1/target/test-classes/com/jcommerce/cdcpoc/], URL [file:/C:/_dev/workspace_cdc_poc/CDCService1/target/classes/com/jcommerce/cdcpoc/]]
10:20:08.520 [main] DEBUG org.springframework.core.io.support.PathMatchingResourcePatternResolver - Looking for matching resources in directory tree [C:\_dev\workspace_cdc_poc\CDCService1\target\test-classes\com\jcommerce\cdcpoc]
10:20:08.521 [main] DEBUG org.springframework.core.io.support.PathMatchingResourcePatternResolver - Searching directory [C:\_dev\workspace_cdc_poc\CDCService1\target\test-classes\com\jcommerce\cdcpoc] for files matching pattern [C:/_dev/workspace_cdc_poc/CDCService1/target/test-classes/com/jcommerce/cdcpoc/*.class]
10:20:08.533 [main] DEBUG org.springframework.core.io.support.PathMatchingResourcePatternResolver - Looking for matching resources in directory tree [C:\_dev\workspace_cdc_poc\CDCService1\target\classes\com\jcommerce\cdcpoc]
10:20:08.534 [main] DEBUG org.springframework.core.io.support.PathMatchingResourcePatternResolver - Searching directory [C:\_dev\workspace_cdc_poc\CDCService1\target\classes\com\jcommerce\cdcpoc] for files matching pattern [C:/_dev/workspace_cdc_poc/CDCService1/target/classes/com/jcommerce/cdcpoc/*.class]
10:20:08.535 [main] DEBUG org.springframework.core.io.support.PathMatchingResourcePatternResolver - Resolved location pattern [classpath*:com/jcommerce/cdcpoc/*.class] to resources []
10:20:08.536 [main] DEBUG org.springframework.core.io.support.PathMatchingResourcePatternResolver - Resolved classpath location [com/jcommerce/] to resources [URL [file:/C:/_dev/workspace_cdc_poc/CDCService1/target/test-classes/com/jcommerce/], URL [file:/C:/_dev/workspace_cdc_poc/CDCService1/target/classes/com/jcommerce/]]
10:20:08.536 [main] DEBUG org.springframework.core.io.support.PathMatchingResourcePatternResolver - Looking for matching resources in directory tree [C:\_dev\workspace_cdc_poc\CDCService1\target\test-classes\com\jcommerce]
10:20:08.537 [main] DEBUG org.springframework.core.io.support.PathMatchingResourcePatternResolver - Searching directory [C:\_dev\workspace_cdc_poc\CDCService1\target\test-classes\com\jcommerce] for files matching pattern [C:/_dev/workspace_cdc_poc/CDCService1/target/test-classes/com/jcommerce/*.class]
10:20:08.539 [main] DEBUG org.springframework.core.io.support.PathMatchingResourcePatternResolver - Looking for matching resources in directory tree [C:\_dev\workspace_cdc_poc\CDCService1\target\classes\com\jcommerce]
10:20:08.540 [main] DEBUG org.springframework.core.io.support.PathMatchingResourcePatternResolver - Searching directory [C:\_dev\workspace_cdc_poc\CDCService1\target\classes\com\jcommerce] for files matching pattern [C:/_dev/workspace_cdc_poc/CDCService1/target/classes/com/jcommerce/*.class]
10:20:08.540 [main] DEBUG org.springframework.core.io.support.PathMatchingResourcePatternResolver - Resolved location pattern [classpath*:com/jcommerce/*.class] to resources []
10:20:08.548 [main] DEBUG org.springframework.core.io.support.PathMatchingResourcePatternResolver - Resolved classpath location [com/] to resources [URL [file:/C:/_dev/workspace_cdc_poc/CDCService1/target/test-classes/com/], URL [file:/C:/_dev/workspace_cdc_poc/CDCService1/target/classes/com/], URL [jar:file:/C:/Users/prmi/.m2/repository/com/fasterxml/classmate/1.3.3/classmate-1.3.3.jar!/com/], URL [jar:file:/C:/Users/prmi/.m2/repository/com/fasterxml/jackson/core/jackson-annotations/2.8.0/jackson-annotations-2.8.0.jar!/com/], URL [jar:file:/C:/Users/prmi/.m2/repository/com/fasterxml/jackson/core/jackson-databind/2.8.8/jackson-databind-2.8.8.jar!/com/], URL [jar:file:/C:/Users/prmi/.m2/repository/com/fasterxml/jackson/core/jackson-core/2.8.8/jackson-core-2.8.8.jar!/com/], URL [jar:file:/C:/Users/prmi/.m2/repository/org/mongodb/mongodb-driver/3.4.2/mongodb-driver-3.4.2.jar!/com/], URL [jar:file:/C:/Users/prmi/.m2/repository/org/mongodb/mongodb-driver-core/3.4.2/mongodb-driver-core-3.4.2.jar!/com/], URL [jar:file:/C:/Users/prmi/.m2/repository/org/projectlombok/lombok/1.16.16/lombok-1.16.16.jar!/com/], URL [jar:file:/C:/Users/prmi/.m2/repository/com/github/tomakehurst/wiremock/2.5.1/wiremock-2.5.1.jar!/com/], URL [jar:file:/C:/Users/prmi/.m2/repository/com/google/guava/guava/18.0/guava-18.0.jar!/com/], URL [jar:file:/C:/Users/prmi/.m2/repository/com/flipkart/zjsonpatch/zjsonpatch/0.2.1/zjsonpatch-0.2.1.jar!/com/], URL [jar:file:/C:/Users/prmi/.m2/repository/com/github/jknack/handlebars/4.0.6/handlebars-4.0.6.jar!/com/], URL [jar:file:/C:/Users/prmi/.m2/repository/com/jayway/restassured/spring-mock-mvc/2.9.0/spring-mock-mvc-2.9.0.jar!/com/], URL [jar:file:/C:/Users/prmi/.m2/repository/com/jayway/restassured/rest-assured/2.9.0/rest-assured-2.9.0.jar!/com/], URL [jar:file:/C:/Users/prmi/.m2/repository/com/jayway/restassured/json-path/2.9.0/json-path-2.9.0.jar!/com/], URL [jar:file:/C:/Users/prmi/.m2/repository/com/jayway/restassured/rest-assured-common/2.9.0/rest-assured-common-2.9.0.jar!/com/], URL [jar:file:/C:/Users/prmi/.m2/repository/com/jayway/restassured/xml-path/2.9.0/xml-path-2.9.0.jar!/com/], URL [jar:file:/C:/Users/prmi/.m2/repository/com/toomuchcoding/jsonassert/jsonassert/0.4.9/jsonassert-0.4.9.jar!/com/], URL [jar:file:/C:/Users/prmi/.m2/repository/com/jayway/jsonpath/json-path/2.2.0/json-path-2.2.0.jar!/com/], URL [jar:file:/C:/Users/prmi/.m2/repository/net/java/dev/jna/jna/4.2.2/jna-4.2.2.jar!/com/], URL [jar:file:/C:/Users/prmi/.m2/repository/net/java/dev/jna/jna-platform/4.0.0/jna-platform-4.0.0.jar!/com/]]
10:20:08.548 [main] DEBUG org.springframework.core.io.support.PathMatchingResourcePatternResolver - Looking for matching resources in directory tree [C:\_dev\workspace_cdc_poc\CDCService1\target\test-classes\com]
10:20:08.550 [main] DEBUG org.springframework.core.io.support.PathMatchingResourcePatternResolver - Searching directory [C:\_dev\workspace_cdc_poc\CDCService1\target\test-classes\com] for files matching pattern [C:/_dev/workspace_cdc_poc/CDCService1/target/test-classes/com/*.class]
10:20:08.551 [main] DEBUG org.springframework.core.io.support.PathMatchingResourcePatternResolver - Looking for matching resources in directory tree [C:\_dev\workspace_cdc_poc\CDCService1\target\classes\com]
10:20:08.552 [main] DEBUG org.springframework.core.io.support.PathMatchingResourcePatternResolver - Searching directory [C:\_dev\workspace_cdc_poc\CDCService1\target\classes\com] for files matching pattern [C:/_dev/workspace_cdc_poc/CDCService1/target/classes/com/*.class]
10:20:08.554 [main] DEBUG org.springframework.core.io.support.PathMatchingResourcePatternResolver - Looking for matching resources in jar file [file:/C:/Users/prmi/.m2/repository/com/fasterxml/classmate/1.3.3/classmate-1.3.3.jar]
10:20:08.557 [main] DEBUG org.springframework.core.io.support.PathMatchingResourcePatternResolver - Looking for matching resources in jar file [file:/C:/Users/prmi/.m2/repository/com/fasterxml/jackson/core/jackson-annotations/2.8.0/jackson-annotations-2.8.0.jar]
10:20:08.562 [main] DEBUG org.springframework.core.io.support.PathMatchingResourcePatternResolver - Looking for matching resources in jar file [file:/C:/Users/prmi/.m2/repository/com/fasterxml/jackson/core/jackson-databind/2.8.8/jackson-databind-2.8.8.jar]
10:20:08.584 [main] DEBUG org.springframework.core.io.support.PathMatchingResourcePatternResolver - Looking for matching resources in jar file [file:/C:/Users/prmi/.m2/repository/com/fasterxml/jackson/core/jackson-core/2.8.8/jackson-core-2.8.8.jar]
10:20:08.586 [main] DEBUG org.springframework.core.io.support.PathMatchingResourcePatternResolver - Looking for matching resources in jar file [file:/C:/Users/prmi/.m2/repository/org/mongodb/mongodb-driver/3.4.2/mongodb-driver-3.4.2.jar]
10:20:08.589 [main] DEBUG org.springframework.core.io.support.PathMatchingResourcePatternResolver - Looking for matching resources in jar file [file:/C:/Users/prmi/.m2/repository/org/mongodb/mongodb-driver-core/3.4.2/mongodb-driver-core-3.4.2.jar]
10:20:08.599 [main] DEBUG org.springframework.core.io.support.PathMatchingResourcePatternResolver - Looking for matching resources in jar file [file:/C:/Users/prmi/.m2/repository/org/projectlombok/lombok/1.16.16/lombok-1.16.16.jar]
10:20:08.605 [main] DEBUG org.springframework.core.io.support.PathMatchingResourcePatternResolver - Looking for matching resources in jar file [file:/C:/Users/prmi/.m2/repository/com/github/tomakehurst/wiremock/2.5.1/wiremock-2.5.1.jar]
10:20:08.609 [main] DEBUG org.springframework.core.io.support.PathMatchingResourcePatternResolver - Looking for matching resources in jar file [file:/C:/Users/prmi/.m2/repository/com/google/guava/guava/18.0/guava-18.0.jar]
10:20:08.626 [main] DEBUG org.springframework.core.io.support.PathMatchingResourcePatternResolver - Looking for matching resources in jar file [file:/C:/Users/prmi/.m2/repository/com/flipkart/zjsonpatch/zjsonpatch/0.2.1/zjsonpatch-0.2.1.jar]
10:20:08.630 [main] DEBUG org.springframework.core.io.support.PathMatchingResourcePatternResolver - Looking for matching resources in jar file [file:/C:/Users/prmi/.m2/repository/com/github/jknack/handlebars/4.0.6/handlebars-4.0.6.jar]
10:20:08.632 [main] DEBUG org.springframework.core.io.support.PathMatchingResourcePatternResolver - Looking for matching resources in jar file [file:/C:/Users/prmi/.m2/repository/com/jayway/restassured/spring-mock-mvc/2.9.0/spring-mock-mvc-2.9.0.jar]
10:20:08.634 [main] DEBUG org.springframework.core.io.support.PathMatchingResourcePatternResolver - Looking for matching resources in jar file [file:/C:/Users/prmi/.m2/repository/com/jayway/restassured/rest-assured/2.9.0/rest-assured-2.9.0.jar]
10:20:08.637 [main] DEBUG org.springframework.core.io.support.PathMatchingResourcePatternResolver - Looking for matching resources in jar file [file:/C:/Users/prmi/.m2/repository/com/jayway/restassured/json-path/2.9.0/json-path-2.9.0.jar]
10:20:08.638 [main] DEBUG org.springframework.core.io.support.PathMatchingResourcePatternResolver - Looking for matching resources in jar file [file:/C:/Users/prmi/.m2/repository/com/jayway/restassured/rest-assured-common/2.9.0/rest-assured-common-2.9.0.jar]
10:20:08.639 [main] DEBUG org.springframework.core.io.support.PathMatchingResourcePatternResolver - Looking for matching resources in jar file [file:/C:/Users/prmi/.m2/repository/com/jayway/restassured/xml-path/2.9.0/xml-path-2.9.0.jar]
10:20:08.640 [main] DEBUG org.springframework.core.io.support.PathMatchingResourcePatternResolver - Looking for matching resources in jar file [file:/C:/Users/prmi/.m2/repository/com/toomuchcoding/jsonassert/jsonassert/0.4.9/jsonassert-0.4.9.jar]
10:20:08.642 [main] DEBUG org.springframework.core.io.support.PathMatchingResourcePatternResolver - Looking for matching resources in jar file [file:/C:/Users/prmi/.m2/repository/com/jayway/jsonpath/json-path/2.2.0/json-path-2.2.0.jar]
10:20:08.643 [main] DEBUG org.springframework.core.io.support.PathMatchingResourcePatternResolver - Looking for matching resources in jar file [file:/C:/Users/prmi/.m2/repository/net/java/dev/jna/jna/4.2.2/jna-4.2.2.jar]
10:20:08.646 [main] DEBUG org.springframework.core.io.support.PathMatchingResourcePatternResolver - Looking for matching resources in jar file [file:/C:/Users/prmi/.m2/repository/net/java/dev/jna/jna-platform/4.0.0/jna-platform-4.0.0.jar]
10:20:08.653 [main] DEBUG org.springframework.core.io.support.PathMatchingResourcePatternResolver - Resolved location pattern [classpath*:com/*.class] to resources []
10:20:08.671 [main] DEBUG org.springframework.test.context.junit4.SpringJUnit4ClassRunner - SpringJUnit4ClassRunner constructor called with [class com.jcommerce.cdcpoc.CDCServer.CdcServerApplicationTests]
10:20:08.673 [main] DEBUG org.springframework.test.context.BootstrapUtils - Instantiating CacheAwareContextLoaderDelegate from class [org.springframework.test.context.cache.DefaultCacheAwareContextLoaderDelegate]
10:20:08.673 [main] DEBUG org.springframework.test.context.BootstrapUtils - Instantiating BootstrapContext using constructor [public org.springframework.test.context.support.DefaultBootstrapContext(java.lang.Class,org.springframework.test.context.CacheAwareContextLoaderDelegate)]
10:20:08.675 [main] DEBUG org.springframework.test.context.BootstrapUtils - Instantiating TestContextBootstrapper for test class [com.jcommerce.cdcpoc.CDCServer.CdcServerApplicationTests] from class [org.springframework.boot.test.context.SpringBootTestContextBootstrapper]
10:20:08.677 [main] INFO org.springframework.boot.test.context.SpringBootTestContextBootstrapper - Neither @ContextConfiguration nor @ContextHierarchy found for test class [com.jcommerce.cdcpoc.CDCServer.CdcServerApplicationTests], using SpringBootContextLoader
10:20:08.684 [main] DEBUG org.springframework.test.context.support.AbstractContextLoader - Did not detect default resource location for test class [com.jcommerce.cdcpoc.CDCServer.CdcServerApplicationTests]: class path resource [com/jcommerce/cdcpoc/CDCServer/CdcServerApplicationTests-context.xml] does not exist
10:20:08.686 [main] DEBUG org.springframework.test.context.support.AbstractContextLoader - Did not detect default resource location for test class [com.jcommerce.cdcpoc.CDCServer.CdcServerApplicationTests]: class path resource [com/jcommerce/cdcpoc/CDCServer/CdcServerApplicationTestsContext.groovy] does not exist
10:20:08.687 [main] INFO org.springframework.test.context.support.AbstractContextLoader - Could not detect default resource locations for test class [com.jcommerce.cdcpoc.CDCServer.CdcServerApplicationTests]: no resource found for suffixes {-context.xml, Context.groovy}.
10:20:08.687 [main] INFO org.springframework.test.context.support.AnnotationConfigContextLoaderUtils - Could not detect default configuration classes for test class [com.jcommerce.cdcpoc.CDCServer.CdcServerApplicationTests]: CdcServerApplicationTests does not declare any static, non-private, non-final, nested classes annotated with @Configuration.
10:20:08.708 [main] DEBUG org.springframework.test.context.support.ActiveProfilesUtils - Could not find an 'annotation declaring class' for annotation type [org.springframework.test.context.ActiveProfiles] and class [com.jcommerce.cdcpoc.CDCServer.CdcServerApplicationTests]
10:20:08.709 [main] DEBUG org.springframework.core.env.StandardEnvironment - Adding [systemProperties] PropertySource with lowest search precedence
10:20:08.710 [main] DEBUG org.springframework.core.env.StandardEnvironment - Adding [systemEnvironment] PropertySource with lowest search precedence
10:20:08.711 [main] DEBUG org.springframework.core.env.StandardEnvironment - Initialized StandardEnvironment with PropertySources [systemProperties,systemEnvironment]
10:20:08.719 [main] DEBUG org.springframework.core.io.support.PathMatchingResourcePatternResolver - Resolved classpath location [com/jcommerce/cdcpoc/CDCServer/] to resources [URL [file:/C:/_dev/workspace_cdc_poc/CDCService1/target/test-classes/com/jcommerce/cdcpoc/CDCServer/]]
10:20:08.720 [main] DEBUG org.springframework.core.io.support.PathMatchingResourcePatternResolver - Looking for matching resources in directory tree [C:\_dev\workspace_cdc_poc\CDCService1\target\test-classes\com\jcommerce\cdcpoc\CDCServer]
10:20:08.721 [main] DEBUG org.springframework.core.io.support.PathMatchingResourcePatternResolver - Searching directory [C:\_dev\workspace_cdc_poc\CDCService1\target\test-classes\com\jcommerce\cdcpoc\CDCServer] for files matching pattern [C:/_dev/workspace_cdc_poc/CDCService1/target/test-classes/com/jcommerce/cdcpoc/CDCServer/*.class]
10:20:08.725 [main] DEBUG org.springframework.core.io.support.PathMatchingResourcePatternResolver - Resolved location pattern [classpath*:com/jcommerce/cdcpoc/CDCServer/*.class] to resources [file [C:\_dev\workspace_cdc_poc\CDCService1\target\test-classes\com\jcommerce\cdcpoc\CDCServer\CdcServerApplicationTests.class], file [C:\_dev\workspace_cdc_poc\CDCService1\target\test-classes\com\jcommerce\cdcpoc\CDCServer\ContractVerifierBase.class]]
10:20:08.735 [main] DEBUG org.springframework.core.io.support.PathMatchingResourcePatternResolver - Resolved classpath location [com/jcommerce/cdcpoc/] to resources [URL [file:/C:/_dev/workspace_cdc_poc/CDCService1/target/test-classes/com/jcommerce/cdcpoc/], URL [file:/C:/_dev/workspace_cdc_poc/CDCService1/target/classes/com/jcommerce/cdcpoc/]]
10:20:08.735 [main] DEBUG org.springframework.core.io.support.PathMatchingResourcePatternResolver - Looking for matching resources in directory tree [C:\_dev\workspace_cdc_poc\CDCService1\target\test-classes\com\jcommerce\cdcpoc]
10:20:08.736 [main] DEBUG org.springframework.core.io.support.PathMatchingResourcePatternResolver - Searching directory [C:\_dev\workspace_cdc_poc\CDCService1\target\test-classes\com\jcommerce\cdcpoc] for files matching pattern [C:/_dev/workspace_cdc_poc/CDCService1/target/test-classes/com/jcommerce/cdcpoc/*.class]
10:20:08.737 [main] DEBUG org.springframework.core.io.support.PathMatchingResourcePatternResolver - Looking for matching resources in directory tree [C:\_dev\workspace_cdc_poc\CDCService1\target\classes\com\jcommerce\cdcpoc]
10:20:08.737 [main] DEBUG org.springframework.core.io.support.PathMatchingResourcePatternResolver - Searching directory [C:\_dev\workspace_cdc_poc\CDCService1\target\classes\com\jcommerce\cdcpoc] for files matching pattern [C:/_dev/workspace_cdc_poc/CDCService1/target/classes/com/jcommerce/cdcpoc/*.class]
10:20:08.738 [main] DEBUG org.springframework.core.io.support.PathMatchingResourcePatternResolver - Resolved location pattern [classpath*:com/jcommerce/cdcpoc/*.class] to resources []
10:20:08.739 [main] DEBUG org.springframework.core.io.support.PathMatchingResourcePatternResolver - Resolved classpath location [com/jcommerce/] to resources [URL [file:/C:/_dev/workspace_cdc_poc/CDCService1/target/test-classes/com/jcommerce/], URL [file:/C:/_dev/workspace_cdc_poc/CDCService1/target/classes/com/jcommerce/]]
10:20:08.739 [main] DEBUG org.springframework.core.io.support.PathMatchingResourcePatternResolver - Looking for matching resources in directory tree [C:\_dev\workspace_cdc_poc\CDCService1\target\test-classes\com\jcommerce]
10:20:08.740 [main] DEBUG org.springframework.core.io.support.PathMatchingResourcePatternResolver - Searching directory [C:\_dev\workspace_cdc_poc\CDCService1\target\test-classes\com\jcommerce] for files matching pattern [C:/_dev/workspace_cdc_poc/CDCService1/target/test-classes/com/jcommerce/*.class]
10:20:08.741 [main] DEBUG org.springframework.core.io.support.PathMatchingResourcePatternResolver - Looking for matching resources in directory tree [C:\_dev\workspace_cdc_poc\CDCService1\target\classes\com\jcommerce]
10:20:08.743 [main] DEBUG org.springframework.core.io.support.PathMatchingResourcePatternResolver - Searching directory [C:\_dev\workspace_cdc_poc\CDCService1\target\classes\com\jcommerce] for files matching pattern [C:/_dev/workspace_cdc_poc/CDCService1/target/classes/com/jcommerce/*.class]
10:20:08.743 [main] DEBUG org.springframework.core.io.support.PathMatchingResourcePatternResolver - Resolved location pattern [classpath*:com/jcommerce/*.class] to resources []
10:20:08.748 [main] DEBUG org.springframework.core.io.support.PathMatchingResourcePatternResolver - Resolved classpath location [com/] to resources [URL [file:/C:/_dev/workspace_cdc_poc/CDCService1/target/test-classes/com/], URL [file:/C:/_dev/workspace_cdc_poc/CDCService1/target/classes/com/], URL [jar:file:/C:/Users/prmi/.m2/repository/com/fasterxml/classmate/1.3.3/classmate-1.3.3.jar!/com/], URL [jar:file:/C:/Users/prmi/.m2/repository/com/fasterxml/jackson/core/jackson-annotations/2.8.0/jackson-annotations-2.8.0.jar!/com/], URL [jar:file:/C:/Users/prmi/.m2/repository/com/fasterxml/jackson/core/jackson-databind/2.8.8/jackson-databind-2.8.8.jar!/com/], URL [jar:file:/C:/Users/prmi/.m2/repository/com/fasterxml/jackson/core/jackson-core/2.8.8/jackson-core-2.8.8.jar!/com/], URL [jar:file:/C:/Users/prmi/.m2/repository/org/mongodb/mongodb-driver/3.4.2/mongodb-driver-3.4.2.jar!/com/], URL [jar:file:/C:/Users/prmi/.m2/repository/org/mongodb/mongodb-driver-core/3.4.2/mongodb-driver-core-3.4.2.jar!/com/], URL [jar:file:/C:/Users/prmi/.m2/repository/org/projectlombok/lombok/1.16.16/lombok-1.16.16.jar!/com/], URL [jar:file:/C:/Users/prmi/.m2/repository/com/github/tomakehurst/wiremock/2.5.1/wiremock-2.5.1.jar!/com/], URL [jar:file:/C:/Users/prmi/.m2/repository/com/google/guava/guava/18.0/guava-18.0.jar!/com/], URL [jar:file:/C:/Users/prmi/.m2/repository/com/flipkart/zjsonpatch/zjsonpatch/0.2.1/zjsonpatch-0.2.1.jar!/com/], URL [jar:file:/C:/Users/prmi/.m2/repository/com/github/jknack/handlebars/4.0.6/handlebars-4.0.6.jar!/com/], URL [jar:file:/C:/Users/prmi/.m2/repository/com/jayway/restassured/spring-mock-mvc/2.9.0/spring-mock-mvc-2.9.0.jar!/com/], URL [jar:file:/C:/Users/prmi/.m2/repository/com/jayway/restassured/rest-assured/2.9.0/rest-assured-2.9.0.jar!/com/], URL [jar:file:/C:/Users/prmi/.m2/repository/com/jayway/restassured/json-path/2.9.0/json-path-2.9.0.jar!/com/], URL [jar:file:/C:/Users/prmi/.m2/repository/com/jayway/restassured/rest-assured-common/2.9.0/rest-assured-common-2.9.0.jar!/com/], URL [jar:file:/C:/Users/prmi/.m2/repository/com/jayway/restassured/xml-path/2.9.0/xml-path-2.9.0.jar!/com/], URL [jar:file:/C:/Users/prmi/.m2/repository/com/toomuchcoding/jsonassert/jsonassert/0.4.9/jsonassert-0.4.9.jar!/com/], URL [jar:file:/C:/Users/prmi/.m2/repository/com/jayway/jsonpath/json-path/2.2.0/json-path-2.2.0.jar!/com/], URL [jar:file:/C:/Users/prmi/.m2/repository/net/java/dev/jna/jna/4.2.2/jna-4.2.2.jar!/com/], URL [jar:file:/C:/Users/prmi/.m2/repository/net/java/dev/jna/jna-platform/4.0.0/jna-platform-4.0.0.jar!/com/]]
10:20:08.750 [main] DEBUG org.springframework.core.io.support.PathMatchingResourcePatternResolver - Looking for matching resources in directory tree [C:\_dev\workspace_cdc_poc\CDCService1\target\test-classes\com]
10:20:08.753 [main] DEBUG org.springframework.core.io.support.PathMatchingResourcePatternResolver - Searching directory [C:\_dev\workspace_cdc_poc\CDCService1\target\test-classes\com] for files matching pattern [C:/_dev/workspace_cdc_poc/CDCService1/target/test-classes/com/*.class]
10:20:08.754 [main] DEBUG org.springframework.core.io.support.PathMatchingResourcePatternResolver - Looking for matching resources in directory tree [C:\_dev\workspace_cdc_poc\CDCService1\target\classes\com]
10:20:08.755 [main] DEBUG org.springframework.core.io.support.PathMatchingResourcePatternResolver - Searching directory [C:\_dev\workspace_cdc_poc\CDCService1\target\classes\com] for files matching pattern [C:/_dev/workspace_cdc_poc/CDCService1/target/classes/com/*.class]
10:20:08.756 [main] DEBUG org.springframework.core.io.support.PathMatchingResourcePatternResolver - Looking for matching resources in jar file [file:/C:/Users/prmi/.m2/repository/com/fasterxml/classmate/1.3.3/classmate-1.3.3.jar]
10:20:08.757 [main] DEBUG org.springframework.core.io.support.PathMatchingResourcePatternResolver - Looking for matching resources in jar file [file:/C:/Users/prmi/.m2/repository/com/fasterxml/jackson/core/jackson-annotations/2.8.0/jackson-annotations-2.8.0.jar]
10:20:08.758 [main] DEBUG org.springframework.core.io.support.PathMatchingResourcePatternResolver - Looking for matching resources in jar file [file:/C:/Users/prmi/.m2/repository/com/fasterxml/jackson/core/jackson-databind/2.8.8/jackson-databind-2.8.8.jar]
10:20:08.775 [main] DEBUG org.springframework.core.io.support.PathMatchingResourcePatternResolver - Looking for matching resources in jar file [file:/C:/Users/prmi/.m2/repository/com/fasterxml/jackson/core/jackson-core/2.8.8/jackson-core-2.8.8.jar]
10:20:08.778 [main] DEBUG org.springframework.core.io.support.PathMatchingResourcePatternResolver - Looking for matching resources in jar file [file:/C:/Users/prmi/.m2/repository/org/mongodb/mongodb-driver/3.4.2/mongodb-driver-3.4.2.jar]
10:20:08.783 [main] DEBUG org.springframework.core.io.support.PathMatchingResourcePatternResolver - Looking for matching resources in jar file [file:/C:/Users/prmi/.m2/repository/org/mongodb/mongodb-driver-core/3.4.2/mongodb-driver-core-3.4.2.jar]
10:20:08.793 [main] DEBUG org.springframework.core.io.support.PathMatchingResourcePatternResolver - Looking for matching resources in jar file [file:/C:/Users/prmi/.m2/repository/org/projectlombok/lombok/1.16.16/lombok-1.16.16.jar]
10:20:08.799 [main] DEBUG org.springframework.core.io.support.PathMatchingResourcePatternResolver - Looking for matching resources in jar file [file:/C:/Users/prmi/.m2/repository/com/github/tomakehurst/wiremock/2.5.1/wiremock-2.5.1.jar]
10:20:08.803 [main] DEBUG org.springframework.core.io.support.PathMatchingResourcePatternResolver - Looking for matching resources in jar file [file:/C:/Users/prmi/.m2/repository/com/google/guava/guava/18.0/guava-18.0.jar]
10:20:08.818 [main] DEBUG org.springframework.core.io.support.PathMatchingResourcePatternResolver - Looking for matching resources in jar file [file:/C:/Users/prmi/.m2/repository/com/flipkart/zjsonpatch/zjsonpatch/0.2.1/zjsonpatch-0.2.1.jar]
10:20:08.821 [main] DEBUG org.springframework.core.io.support.PathMatchingResourcePatternResolver - Looking for matching resources in jar file [file:/C:/Users/prmi/.m2/repository/com/github/jknack/handlebars/4.0.6/handlebars-4.0.6.jar]
10:20:08.824 [main] DEBUG org.springframework.core.io.support.PathMatchingResourcePatternResolver - Looking for matching resources in jar file [file:/C:/Users/prmi/.m2/repository/com/jayway/restassured/spring-mock-mvc/2.9.0/spring-mock-mvc-2.9.0.jar]
10:20:08.825 [main] DEBUG org.springframework.core.io.support.PathMatchingResourcePatternResolver - Looking for matching resources in jar file [file:/C:/Users/prmi/.m2/repository/com/jayway/restassured/rest-assured/2.9.0/rest-assured-2.9.0.jar]
10:20:08.832 [main] DEBUG org.springframework.core.io.support.PathMatchingResourcePatternResolver - Looking for matching resources in jar file [file:/C:/Users/prmi/.m2/repository/com/jayway/restassured/json-path/2.9.0/json-path-2.9.0.jar]
10:20:08.836 [main] DEBUG org.springframework.core.io.support.PathMatchingResourcePatternResolver - Looking for matching resources in jar file [file:/C:/Users/prmi/.m2/repository/com/jayway/restassured/rest-assured-common/2.9.0/rest-assured-common-2.9.0.jar]
10:20:08.837 [main] DEBUG org.springframework.core.io.support.PathMatchingResourcePatternResolver - Looking for matching resources in jar file [file:/C:/Users/prmi/.m2/repository/com/jayway/restassured/xml-path/2.9.0/xml-path-2.9.0.jar]
10:20:08.839 [main] DEBUG org.springframework.core.io.support.PathMatchingResourcePatternResolver - Looking for matching resources in jar file [file:/C:/Users/prmi/.m2/repository/com/toomuchcoding/jsonassert/jsonassert/0.4.9/jsonassert-0.4.9.jar]
10:20:08.840 [main] DEBUG org.springframework.core.io.support.PathMatchingResourcePatternResolver - Looking for matching resources in jar file [file:/C:/Users/prmi/.m2/repository/com/jayway/jsonpath/json-path/2.2.0/json-path-2.2.0.jar]
10:20:08.849 [main] DEBUG org.springframework.core.io.support.PathMatchingResourcePatternResolver - Looking for matching resources in jar file [file:/C:/Users/prmi/.m2/repository/net/java/dev/jna/jna/4.2.2/jna-4.2.2.jar]
10:20:08.852 [main] DEBUG org.springframework.core.io.support.PathMatchingResourcePatternResolver - Looking for matching resources in jar file [file:/C:/Users/prmi/.m2/repository/net/java/dev/jna/jna-platform/4.0.0/jna-platform-4.0.0.jar]
10:20:08.856 [main] DEBUG org.springframework.core.io.support.PathMatchingResourcePatternResolver - Resolved location pattern [classpath*:com/*.class] to resources []
]]></system-out>
  </testcase>
</testsuite>